<?xml version="1.0" encoding="UTF-8"?>
<!-- Generated by org.testng.reporters.JUnitReportReporter -->
<testsuite skipped="0" hostname="DESKTOP-6EBHN51" name="Test.LoginTest" tests="1" failures="0" timestamp="2023-02-27T10:52:45 IST" time="68.932" errors="0">
  <testcase name="login" time="68.932" classname="Test.LoginTest"/>
  <system-out/>
</testsuite> <!-- Test.LoginTest -->
